[debug] [2021-01-25T14:51:17.973Z] ----------------------------------------------------------------------
[debug] [2021-01-25T14:51:17.976Z] Command:       /home/ravi/Desktop/react-projects/nodejs/node-v14.15.0-linux-x64/bin/node /home/ravi/Desktop/react-projects/nodejs/node-v14.15.0-linux-x64/bin/firebase deploy
[debug] [2021-01-25T14:51:17.977Z] CLI Version:   8.18.0
[debug] [2021-01-25T14:51:17.977Z] Platform:      linux
[debug] [2021-01-25T14:51:17.977Z] Node Version:  v14.15.0
[debug] [2021-01-25T14:51:17.978Z] Time:          Mon Jan 25 2021 20:21:17 GMT+0530 (India Standard Time)
[debug] [2021-01-25T14:51:17.978Z] ----------------------------------------------------------------------
[debug] [2021-01-25T14:51:17.978Z] 
[debug] [2021-01-25T14:51:17.986Z] > command requires scopes: ["email","openid","https://www.googleapis.com/auth/cloudplatformprojects.readonly","https://www.googleapis.com/auth/firebase","https://www.googleapis.com/auth/cloud-platform"]
[debug] [2021-01-25T14:51:17.987Z] > authorizing via signed-in user
[debug] [2021-01-25T14:51:17.987Z] [iam] checking project primespot-72d6b for permissions ["firebase.projects.get","firebasehosting.sites.update"]
[debug] [2021-01-25T14:51:17.991Z] >>> HTTP REQUEST POST https://cloudresourcemanager.googleapis.com/v1/projects/primespot-72d6b:testIamPermissions  
 {"permissions":["firebase.projects.get","firebasehosting.sites.update"]}
[debug] [2021-01-25T14:51:19.734Z] <<< HTTP RESPONSE 200 {"content-type":"application/json; charset=UTF-8","vary":"X-Origin, Referer, Origin,Accept-Encoding","date":"Mon, 25 Jan 2021 14:51:19 GMT","server":"ESF","cache-control":"private","x-xss-protection":"0","x-frame-options":"SAMEORIGIN","x-content-type-options":"nosniff","server-timing":"gfet4t7; dur=1205","alt-svc":"h3-29=\":443\"; ma=2592000,h3-T051=\":443\"; ma=2592000,h3-Q050=\":443\"; ma=2592000,h3-Q046=\":443\"; ma=2592000,h3-Q043=\":443\"; ma=2592000,quic=\":443\"; ma=2592000; v=\"46,43\"","accept-ranges":"none","transfer-encoding":"chunked"}
[debug] [2021-01-25T14:51:19.738Z] >>> HTTP REQUEST GET https://firebase.googleapis.com/v1beta1/projects/primespot-72d6b  
 
[debug] [2021-01-25T14:51:20.260Z] <<< HTTP RESPONSE 200 {"content-type":"application/json; charset=UTF-8","vary":"X-Origin, Referer, Origin,Accept-Encoding","date":"Mon, 25 Jan 2021 14:51:20 GMT","server":"ESF","cache-control":"private","x-xss-protection":"0","x-frame-options":"SAMEORIGIN","x-content-type-options":"nosniff","alt-svc":"h3-29=\":443\"; ma=2592000,h3-T051=\":443\"; ma=2592000,h3-Q050=\":443\"; ma=2592000,h3-Q046=\":443\"; ma=2592000,h3-Q043=\":443\"; ma=2592000,quic=\":443\"; ma=2592000; v=\"46,43\"","accept-ranges":"none","transfer-encoding":"chunked"}
[info] 
[info] === Deploying to 'primespot-72d6b'...
[info] 
[info] i  deploying hosting 
[debug] [2021-01-25T14:51:20.269Z] >>> HTTP REQUEST POST https://firebasehosting.googleapis.com/v1beta1/sites/primespot-72d6b/versions  
 {"config":{"rewrites":[{"glob":"**","path":"/index.html"}]},"labels":{"deployment-tool":"cli-firebase"}}
[debug] [2021-01-25T14:51:22.619Z] <<< HTTP RESPONSE 200 {"content-type":"application/json; charset=UTF-8","vary":"X-Origin, Referer, Origin,Accept-Encoding","date":"Mon, 25 Jan 2021 14:51:22 GMT","server":"ESF","cache-control":"private","x-xss-protection":"0","x-frame-options":"SAMEORIGIN","x-content-type-options":"nosniff","alt-svc":"h3-29=\":443\"; ma=2592000,h3-T051=\":443\"; ma=2592000,h3-Q050=\":443\"; ma=2592000,h3-Q046=\":443\"; ma=2592000,h3-Q043=\":443\"; ma=2592000,quic=\":443\"; ma=2592000; v=\"46,43\"","accept-ranges":"none","transfer-encoding":"chunked"}
[info] i  hosting[primespot-72d6b]: beginning deploy... 
[info] i  hosting[primespot-72d6b]: found 28 files in build 
[debug] [2021-01-25T14:51:22.643Z] [hosting] hash cache [YnVpbGQ] not populated
[debug] [2021-01-25T14:51:22.913Z] > refreshing access token with scopes: []
[debug] [2021-01-25T14:51:22.914Z] >>> HTTP REQUEST POST https://www.googleapis.com/oauth2/v3/token  
 <request body omitted>
[debug] [2021-01-25T14:51:22.917Z] [hosting] hash cache [YnVpbGQ] stored for 28 files
[debug] [2021-01-25T14:51:22.918Z] [hosting][hash queue][FINAL] {"max":261,"min":30,"avg":69.64285714285714,"active":0,"complete":28,"success":28,"errored":0,"retried":0,"total":28,"elapsed":274}
